2021-08-05T11:28:00+00:00 CRITICAL Uncaught Error: Unknown named parameter $id in C:\xampp\htdocs\ecommerce08\wp-content\plugins\elementor\core\dynamic-tags\manager.php:123
Stack trace:
#0 C:\xampp\htdocs\ecommerce08\wp-content\plugins\elementor\core\dynamic-tags\manager.php(123): call_user_func_array(Array, Array)
#1 C:\xampp\htdocs\ecommerce08\wp-content\plugins\elementor\core\dynamic-tags\manager.php(88): Elementor\Core\DynamicTags\Manager->parse_tag_text('[elementor-tag ...', Array, Array)
#2 [internal function]: Elementor\Core\DynamicTags\Manager->Elementor\Core\DynamicTags\{closure}(Array)
#3 C:\xampp\htdocs\ecommerce08\wp-content\plugins\elementor\core\dynamic-tags\manager.php(87): preg_replace_callback('/\\[elementor-ta...', Object(Closure), '[elementor-tag ...')
#4 C:\xampp\htdocs\ecommerce08\wp-content\plugins\elementor\includes\controls\base-data.php(81): Elementor\Core\DynamicTags\Manager->parse_tags_text('[elementor-tag ...', Array, Array)
#5 C:\xampp\htdocs\ecommerce08\wp-content\plugins\elementor\includes\base\controls-stack.php(1176): Elementor\Base_Data_Control->parse_tags('[elementor-tag ...', Array)
#6 C:\xampp\htdocs\ecommerce08\wp-content\plugins\elementor\includes\base\controls-stack.php(1027): Elementor\Controls_Stack->parse_dynamic_settings(Array)
#7 C:\xampp\htdocs\ecommerce08\wp-content\plugins\elementor\core\files\css\post.php(296): Elementor\Controls_Stack->get_parsed_dynamic_settings()
#8 C:\xampp\htdocs\ecommerce08\wp-content\plugins\elementor\core\dynamic-tags\dynamic-css.php(32): Elementor\Core\Files\CSS\Post->render_styles(Object(Elementor\Widget_Button))
#9 C:\xampp\htdocs\ecommerce08\wp-content\plugins\elementor\core\dynamic-tags\dynamic-css.php(36): Elementor\Core\DynamicTags\Dynamic_CSS->render_styles(Object(Elementor\Widget_Button))
#10 C:\xampp\htdocs\ecommerce08\wp-content\plugins\elementor\core\dynamic-tags\dynamic-css.php(36): Elementor\Core\DynamicTags\Dynamic_CSS->render_styles(Object(Elementor\Element_Column))
#11 C:\xampp\htdocs\ecommerce08\wp-content\plugins\elementor\core\files\css\post.php(178): Elementor\Core\DynamicTags\Dynamic_CSS->render_styles(Object(Elementor\Element_Section))
#12 C:\xampp\htdocs\ecommerce08\wp-content\plugins\elementor\core\files\css\base.php(623): Elementor\Core\Files\CSS\Post->render_css()
#13 C:\xampp\htdocs\ecommerce08\wp-content\plugins\elementor\core\files\base.php(166): Elementor\Core\Files\CSS\Base->parse_content()
#14 C:\xampp\htdocs\ecommerce08\wp-content\plugins\elementor\core\files\css\base.php(145): Elementor\Core\Files\Base->update_file()
#15 C:\xampp\htdocs\ecommerce08\wp-content\plugins\elementor\core\files\css\base.php(219): Elementor\Core\Files\CSS\Base->update()
#16 C:\xampp\htdocs\ecommerce08\wp-content\plugins\elementor\core\files\css\post.php(199): Elementor\Core\Files\CSS\Base->enqueue()
#17 C:\xampp\htdocs\ecommerce08\wp-content\plugins\elementor\core\dynamic-tags\manager.php(438): Elementor\Core\Files\CSS\Post->enqueue()
#18 C:\xampp\htdocs\ecommerce08\wp-includes\class-wp-hook.php(303): Elementor\Core\DynamicTags\Manager->after_enqueue_post_css(Object(Elementor\Core\DynamicTags\Dynamic_CSS))
#19 C:\xampp\htdocs\ecommerce08\wp-includes\class-wp-hook.php(327): WP_Hook->apply_filters('', Array)
#20 C:\xampp\htdocs\ecommerce08\wp-includes\plugin.php(470): WP_Hook->do_action(Array)
#21 C:\xampp\htdocs\ecommerce08\wp-content\plugins\elementor\core\files\css\base.php(266): do_action('elementor/css-f...', Object(Elementor\Core\Files\CSS\Post))
#22 C:\xampp\htdocs\ecommerce08\wp-content\plugins\elementor\core\files\css\post.php(199): Elementor\Core\Files\CSS\Base->enqueue()
#23 C:\xampp\htdocs\ecommerce08\wp-content\plugins\elementor\includes\frontend.php(652): Elementor\Core\Files\CSS\Post->enqueue()
#24 C:\xampp\htdocs\ecommerce08\wp-content\plugins\header-footer-elementor\inc\class-header-footer-elementor.php(384): Elementor\Frontend->enqueue_styles()
#25 C:\xampp\htdocs\ecommerce08\wp-includes\class-wp-hook.php(303): Header_Footer_Elementor->enqueue_scripts('')
#26 C:\xampp\htdocs\ecommerce08\wp-includes\class-wp-hook.php(327): WP_Hook->apply_filters(NULL, Array)
#27 C:\xampp\htdocs\ecommerce08\wp-includes\plugin.php(470): WP_Hook->do_action(Array)
#28 C:\xampp\htdocs\ecommerce08\wp-includes\script-loader.php(2083): do_action('wp_enqueue_scri...')
#29 C:\xampp\htdocs\ecommerce08\wp-includes\class-wp-hook.php(303): wp_enqueue_scripts('')
#30 C:\xampp\htdocs\ecommerce08\wp-includes\class-wp-hook.php(327): WP_Hook->apply_filters(NULL, Array)
#31 C:\xampp\htdocs\ecommerce08\wp-includes\plugin.php(470): WP_Hook->do_action(Array)
#32 C:\xampp\htdocs\ecommerce08\wp-includes\general-template.php(3015): do_action('wp_head')
#33 C:\xampp\htdocs\ecommerce08\wp-content\themes\astra\header.php(26): wp_head()
#34 C:\xampp\htdocs\ecommerce08\wp-includes\template.php(770): require_once('C:\\xampp\\htdocs...')
#35 C:\xampp\htdocs\ecommerce08\wp-includes\template.php(716): load_template('C:\\xampp\\htdocs...', true, Array)
#36 C:\xampp\htdocs\ecommerce08\wp-includes\general-template.php(48): locate_template(Array, true, true, Array)
#37 C:\xampp\htdocs\ecommerce08\wp-content\themes\astra\page.php(20): get_header()
#38 C:\xampp\htdocs\ecommerce08\wp-includes\template-loader.php(106): include('C:\\xampp\\htdocs...')
#39 C:\xampp\htdocs\ecommerce08\wp-blog-header.php(19): require_once('C:\\xampp\\htdocs...')
#40 C:\xampp\htdocs\ecommerce08\index.php(17): require('C:\\xampp\\htdocs...')
#41 {main}
  thrown in C:\xampp\htdocs\ecommerce08\wp-content\plugins\elementor\core\dynamic-tags\manager.php on line 123

2021-08-05T11:28:38+00:00 CRITICAL Uncaught Error: Unknown named parameter $id in C:\xampp\htdocs\ecommerce08\wp-content\plugins\elementor\core\dynamic-tags\manager.php:123
Stack trace:
#0 C:\xampp\htdocs\ecommerce08\wp-content\plugins\elementor\core\dynamic-tags\manager.php(123): call_user_func_array(Array, Array)
#1 C:\xampp\htdocs\ecommerce08\wp-content\plugins\elementor\core\dynamic-tags\manager.php(88): Elementor\Core\DynamicTags\Manager->parse_tag_text('[elementor-tag ...', Array, Array)
#2 [internal function]: Elementor\Core\DynamicTags\Manager->Elementor\Core\DynamicTags\{closure}(Array)
#3 C:\xampp\htdocs\ecommerce08\wp-content\plugins\elementor\core\dynamic-tags\manager.php(87): preg_replace_callback('/\\[elementor-ta...', Object(Closure), '[elementor-tag ...')
#4 C:\xampp\htdocs\ecommerce08\wp-content\plugins\elementor\includes\controls\base-data.php(81): Elementor\Core\DynamicTags\Manager->parse_tags_text('[elementor-tag ...', Array, Array)
#5 C:\xampp\htdocs\ecommerce08\wp-content\plugins\elementor\includes\base\controls-stack.php(1176): Elementor\Base_Data_Control->parse_tags('[elementor-tag ...', Array)
#6 C:\xampp\htdocs\ecommerce08\wp-content\plugins\elementor\includes\base\controls-stack.php(1027): Elementor\Controls_Stack->parse_dynamic_settings(Array)
#7 C:\xampp\htdocs\ecommerce08\wp-content\plugins\elementor\core\files\css\post.php(296): Elementor\Controls_Stack->get_parsed_dynamic_settings()
#8 C:\xampp\htdocs\ecommerce08\wp-content\plugins\elementor\core\dynamic-tags\dynamic-css.php(32): Elementor\Core\Files\CSS\Post->render_styles(Object(Elementor\Widget_Button))
#9 C:\xampp\htdocs\ecommerce08\wp-content\plugins\elementor\core\dynamic-tags\dynamic-css.php(36): Elementor\Core\DynamicTags\Dynamic_CSS->render_styles(Object(Elementor\Widget_Button))
#10 C:\xampp\htdocs\ecommerce08\wp-content\plugins\elementor\core\dynamic-tags\dynamic-css.php(36): Elementor\Core\DynamicTags\Dynamic_CSS->render_styles(Object(Elementor\Element_Column))
#11 C:\xampp\htdocs\ecommerce08\wp-content\plugins\elementor\core\files\css\post.php(178): Elementor\Core\DynamicTags\Dynamic_CSS->render_styles(Object(Elementor\Element_Section))
#12 C:\xampp\htdocs\ecommerce08\wp-content\plugins\elementor\core\files\css\base.php(623): Elementor\Core\Files\CSS\Post->render_css()
#13 C:\xampp\htdocs\ecommerce08\wp-content\plugins\elementor\core\files\base.php(166): Elementor\Core\Files\CSS\Base->parse_content()
#14 C:\xampp\htdocs\ecommerce08\wp-content\plugins\elementor\core\files\css\base.php(145): Elementor\Core\Files\Base->update_file()
#15 C:\xampp\htdocs\ecommerce08\wp-content\plugins\elementor\core\files\css\base.php(219): Elementor\Core\Files\CSS\Base->update()
#16 C:\xampp\htdocs\ecommerce08\wp-content\plugins\elementor\core\files\css\post.php(199): Elementor\Core\Files\CSS\Base->enqueue()
#17 C:\xampp\htdocs\ecommerce08\wp-content\plugins\elementor\core\dynamic-tags\manager.php(438): Elementor\Core\Files\CSS\Post->enqueue()
#18 C:\xampp\htdocs\ecommerce08\wp-includes\class-wp-hook.php(303): Elementor\Core\DynamicTags\Manager->after_enqueue_post_css(Object(Elementor\Core\DynamicTags\Dynamic_CSS))
#19 C:\xampp\htdocs\ecommerce08\wp-includes\class-wp-hook.php(327): WP_Hook->apply_filters('', Array)
#20 C:\xampp\htdocs\ecommerce08\wp-includes\plugin.php(470): WP_Hook->do_action(Array)
#21 C:\xampp\htdocs\ecommerce08\wp-content\plugins\elementor\core\files\css\base.php(266): do_action('elementor/css-f...', Object(Elementor\Core\Files\CSS\Post))
#22 C:\xampp\htdocs\ecommerce08\wp-content\plugins\elementor\core\files\css\post.php(199): Elementor\Core\Files\CSS\Base->enqueue()
#23 C:\xampp\htdocs\ecommerce08\wp-content\plugins\elementor\includes\frontend.php(652): Elementor\Core\Files\CSS\Post->enqueue()
#24 C:\xampp\htdocs\ecommerce08\wp-content\plugins\header-footer-elementor\inc\class-header-footer-elementor.php(384): Elementor\Frontend->enqueue_styles()
#25 C:\xampp\htdocs\ecommerce08\wp-includes\class-wp-hook.php(303): Header_Footer_Elementor->enqueue_scripts('')
#26 C:\xampp\htdocs\ecommerce08\wp-includes\class-wp-hook.php(327): WP_Hook->apply_filters(NULL, Array)
#27 C:\xampp\htdocs\ecommerce08\wp-includes\plugin.php(470): WP_Hook->do_action(Array)
#28 C:\xampp\htdocs\ecommerce08\wp-includes\script-loader.php(2083): do_action('wp_enqueue_scri...')
#29 C:\xampp\htdocs\ecommerce08\wp-includes\class-wp-hook.php(303): wp_enqueue_scripts('')
#30 C:\xampp\htdocs\ecommerce08\wp-includes\class-wp-hook.php(327): WP_Hook->apply_filters(NULL, Array)
#31 C:\xampp\htdocs\ecommerce08\wp-includes\plugin.php(470): WP_Hook->do_action(Array)
#32 C:\xampp\htdocs\ecommerce08\wp-includes\general-template.php(3015): do_action('wp_head')
#33 C:\xampp\htdocs\ecommerce08\wp-content\themes\astra\header.php(26): wp_head()
#34 C:\xampp\htdocs\ecommerce08\wp-includes\template.php(770): require_once('C:\\xampp\\htdocs...')
#35 C:\xampp\htdocs\ecommerce08\wp-includes\template.php(716): load_template('C:\\xampp\\htdocs...', true, Array)
#36 C:\xampp\htdocs\ecommerce08\wp-includes\general-template.php(48): locate_template(Array, true, true, Array)
#37 C:\xampp\htdocs\ecommerce08\wp-content\themes\astra\page.php(20): get_header()
#38 C:\xampp\htdocs\ecommerce08\wp-includes\template-loader.php(106): include('C:\\xampp\\htdocs...')
#39 C:\xampp\htdocs\ecommerce08\wp-blog-header.php(19): require_once('C:\\xampp\\htdocs...')
#40 C:\xampp\htdocs\ecommerce08\index.php(17): require('C:\\xampp\\htdocs...')
#41 {main}
  thrown in C:\xampp\htdocs\ecommerce08\wp-content\plugins\elementor\core\dynamic-tags\manager.php on line 123

2021-08-05T11:32:08+00:00 CRITICAL Uncaught Error: Call to undefined method Elementor\Modules\AdminBar\Module::get_experimental_data() in C:\xampp\htdocs\ecommerce08\wp-content\plugins\elementor\core\modules-manager.php:53
Stack trace:
#0 C:\xampp\htdocs\ecommerce08\wp-content\plugins\elementor\includes\plugin.php(599): Elementor\Core\Modules_Manager->__construct()
#1 C:\xampp\htdocs\ecommerce08\wp-content\plugins\elementor\includes\plugin.php(513): Elementor\Plugin->init_components()
#2 C:\xampp\htdocs\ecommerce08\wp-includes\class-wp-hook.php(303): Elementor\Plugin->init('')
#3 C:\xampp\htdocs\ecommerce08\wp-includes\class-wp-hook.php(327): WP_Hook->apply_filters(NULL, Array)
#4 C:\xampp\htdocs\ecommerce08\wp-includes\plugin.php(470): WP_Hook->do_action(Array)
#5 C:\xampp\htdocs\ecommerce08\wp-settings.php(578): do_action('init')
#6 C:\xampp\htdocs\ecommerce08\wp-config.php(96): require_once('C:\\xampp\\htdocs...')
#7 C:\xampp\htdocs\ecommerce08\wp-load.php(50): require_once('C:\\xampp\\htdocs...')
#8 C:\xampp\htdocs\ecommerce08\wp-admin\admin-ajax.php(22): require_once('C:\\xampp\\htdocs...')
#9 {main}
  thrown in C:\xampp\htdocs\ecommerce08\wp-content\plugins\elementor\core\modules-manager.php on line 53

